<?xml version="1.0" encoding="UTF-8"?>
<testng-results skipped="0" failed="0" ignored="0" total="1" passed="1">
  <reporter-output>
  </reporter-output>
  <suite name="Surefire suite" duration-ms="204" started-at="2021-12-11T20:42:16 IST" finished-at="2021-12-11T20:42:16 IST">
    <groups>
      <group name="cucumber">
        <method signature="AbstractTestNGCucumberTests.runScenario(io.cucumber.testng.PickleWrapper,io.cucumber.testng.FeatureWrapper)[pri:0, instance:TestRunner@f736069]" name="runScenario" class="io.cucumber.testng.AbstractTestNGCucumberTests"/>
      </group> <!-- cucumber -->
    </groups>
    <test name="Surefire test" duration-ms="204" started-at="2021-12-11T20:42:16 IST" finished-at="2021-12-11T20:42:16 IST">
      <class name="TestRunner">
        <test-method status="PASS" signature="setUpClass(org.testng.ITestContext)[pri:0, instance:TestRunner@f736069]" name="setUpClass" is-config="true" duration-ms="31" started-at="2021-12-11T20:42:16 IST" finished-at="2021-12-11T20:42:16 IST">
          <params>
            <param index="0">
              <value>
                <![CDATA[org.testng.TestRunner@14028087]]>
              </value>
            </param>
          </params>
          <reporter-output>
          </reporter-output>
        </test-method> <!-- setUpClass -->
        <test-method status="PASS" signature="tearDownClass()[pri:0, instance:TestRunner@f736069]" name="tearDownClass" is-config="true" duration-ms="94" started-at="2021-12-11T20:42:16 IST" finished-at="2021-12-11T20:42:16 IST">
          <reporter-output>
          </reporter-output>
        </test-method> <!-- tearDownClass -->
      </class> <!-- TestRunner -->
      <class name="AppTest">
        <test-method status="PASS" signature="shouldAnswerWithTrue()[pri:0, instance:AppTest@66480dd7]" name="shouldAnswerWithTrue" duration-ms="0" started-at="2021-12-11T20:42:16 IST" finished-at="2021-12-11T20:42:16 IST">
          <reporter-output>
          </reporter-output>
        </test-method> <!-- shouldAnswerWithTrue -->
      </class> <!-- AppTest -->
    </test> <!-- Surefire test -->
  </suite> <!-- Surefire suite -->
</testng-results>
